This is pdfTeX, Version 3.14159265-2.6-1.40.17 (TeX Live 2016) (preloaded format=pdflatex 2016.11.27)  3 MAY 2019 10:13
entering extended mode
 restricted \write18 enabled.
 file:line:error style messages enabled.
 %&-line parsing enabled.
**/Users/FatemaK/Desktop/Gammon/project_paper/LaTeX/projectpaper.tex
(/Users/FatemaK/Desktop/Gammon/project_paper/LaTeX/projectpaper.tex
LaTeX2e <2016/03/31>
Babel <3.9r> and hyphenation patterns for 83 language(s) loaded.
(/usr/local/texlive/2016/texmf-dist/tex/latex/base/article.cls
Document Class: article 2014/09/29 v1.4h Standard LaTeX document class
(/usr/local/texlive/2016/texmf-dist/tex/latex/base/size12.clo
File: size12.clo 2014/09/29 v1.4h Standard LaTeX file (size option)
)
\c@part=\count79
\c@section=\count80
\c@subsection=\count81
\c@subsubsection=\count82
\c@paragraph=\count83
\c@subparagraph=\count84
\c@figure=\count85
\c@table=\count86
\abovecaptionskip=\skip41
\belowcaptionskip=\skip42
\bibindent=\dimen102
) (/usr/local/texlive/2016/texmf-dist/tex/latex/psnfss/times.sty
Package: times 2005/04/12 PSNFSS-v9.2a (SPQR) 
) (/Users/FatemaK/Desktop/Gammon/project_paper/LaTeX/durhampaper.sty
Durham CS undergraduate paper style 'durhampaper.sty'.
) (/usr/local/texlive/2016/texmf-dist/tex/latex/harvard/harvard.sty
Package: harvard 
 (/usr/local/texlive/2016/texmf-dist/tex/latex/base/ifthen.sty
Package: ifthen 2014/09/29 v1.1c Standard LaTeX ifthen package (DPC)
)) (/usr/local/texlive/2016/texmf-dist/tex/latex/graphics/graphicx.sty
Package: graphicx 2014/10/28 v1.0g Enhanced LaTeX Graphics (DPC,SPQR)
 (/usr/local/texlive/2016/texmf-dist/tex/latex/graphics/keyval.sty
Package: keyval 2014/10/28 v1.15 key=value parser (DPC)
\KV@toks@=\toks14
) (/usr/local/texlive/2016/texmf-dist/tex/latex/graphics/graphics.sty
Package: graphics 2016/05/09 v1.0r Standard LaTeX Graphics (DPC,SPQR)
 (/usr/local/texlive/2016/texmf-dist/tex/latex/graphics/trig.sty
Package: trig 2016/01/03 v1.10 sin cos tan (DPC)
) (/usr/local/texlive/2016/texmf-dist/tex/latex/graphics-cfg/graphics.cfg
File: graphics.cfg 2016/01/02 v1.10 sample graphics configuration
)
Package graphics Info: Driver file: pdftex.def on input line 96.
 (/usr/local/texlive/2016/texmf-dist/tex/latex/pdftex-def/pdftex.def
File: pdftex.def 2011/05/27 v0.06d Graphics/color for pdfTeX
 (/usr/local/texlive/2016/texmf-dist/tex/generic/oberdiek/infwarerr.sty
Package: infwarerr 2016/05/16 v1.4 Providing info/warning/error messages (HO)
) (/usr/local/texlive/2016/texmf-dist/tex/generic/oberdiek/ltxcmds.sty
Package: ltxcmds 2016/05/16 v1.23 LaTeX kernel commands for general use (HO)
)
\Gread@gobject=\count87
))
\Gin@req@height=\dimen103
\Gin@req@width=\dimen104
) (/usr/local/texlive/2016/texmf-dist/tex/latex/caption/subcaption.sty
Package: subcaption 2016/02/20 v1.1-142 Sub-captions (AR)
 (/usr/local/texlive/2016/texmf-dist/tex/latex/caption/caption.sty
Package: caption 2016/02/21 v3.3-144 Customizing captions (AR)
 (/usr/local/texlive/2016/texmf-dist/tex/latex/caption/caption3.sty
Package: caption3 2016/02/04 v1.7-139 caption3 kernel (AR)
Package caption3 Info: TeX engine: e-TeX on input line 67.
\captionmargin=\dimen105
\captionmargin@=\dimen106
\captionwidth=\dimen107
\caption@tempdima=\dimen108
\caption@indent=\dimen109
\caption@parindent=\dimen110
\caption@hangindent=\dimen111
)
\c@ContinuedFloat=\count88
)
\c@subfigure=\count89
\c@subtable=\count90
) (/usr/local/texlive/2016/texmf-dist/tex/latex/algorithms/algorithm.sty
Package: algorithm 2009/08/24 v0.1 Document Style `algorithm' - floating environment
 (/usr/local/texlive/2016/texmf-dist/tex/latex/float/float.sty
Package: float 2001/11/08 v1.3d Float enhancements (AL)
\c@float@type=\count91
\float@exts=\toks15
\float@box=\box26
\@float@everytoks=\toks16
\@floatcapt=\box27
)
\@float@every@algorithm=\toks17
\c@algorithm=\count92
) (/usr/local/texlive/2016/texmf-dist/tex/latex/url/url.sty
\Urlmuskip=\muskip10
Package: url 2013/09/16  ver 3.4  Verb mode for urls, etc.
) (/usr/local/texlive/2016/texmf-dist/tex/latex/algorithmicx/algpseudocode.sty
Package: algpseudocode 
 (/usr/local/texlive/2016/texmf-dist/tex/latex/algorithmicx/algorithmicx.sty
Package: algorithmicx 2005/04/27 v1.2 Algorithmicx

Document Style algorithmicx 1.2 - a greatly improved `algorithmic' style
\c@ALG@line=\count93
\c@ALG@rem=\count94
\c@ALG@nested=\count95
\ALG@tlm=\skip43
\ALG@thistlm=\skip44
\c@ALG@Lnr=\count96
\c@ALG@blocknr=\count97
\c@ALG@storecount=\count98
\c@ALG@tmpcounter=\count99
\ALG@tmplength=\skip45
)
Document Style - pseudocode environments for use with the `algorithmicx' style
) (/Users/FatemaK/Desktop/Gammon/project_paper/LaTeX/projectpaper.aux

LaTeX Warning: Label `mono:1' multiply defined.


LaTeX Warning: Label `mtrain:all' multiply defined.


LaTeX Warning: Label `sub@mtrain:all' multiply defined.


LaTeX Warning: Label `plot:all' multiply defined.


LaTeX Warning: Label `sub@plot:all' multiply defined.


LaTeX Warning: Label `plot:non' multiply defined.


LaTeX Warning: Label `sub@plot:non' multiply defined.


LaTeX Warning: Label `plot:all' multiply defined.


LaTeX Warning: Label `sub@plot:all' multiply defined.


LaTeX Warning: Label `plot:all' multiply defined.


LaTeX Warning: Label `sub@plot:all' multiply defined.


LaTeX Warning: Label `plot:non' multiply defined.


LaTeX Warning: Label `sub@plot:non' multiply defined.


LaTeX Warning: Label `plot:all' multiply defined.


LaTeX Warning: Label `sub@plot:all' multiply defined.


LaTeX Warning: Label `plot:non' multiply defined.


LaTeX Warning: Label `sub@plot:non' multiply defined.


LaTeX Warning: Label `plot:all' multiply defined.


LaTeX Warning: Label `sub@plot:all' multiply defined.


LaTeX Warning: Label `mana-full' multiply defined.


LaTeX Warning: Label `sub@mana-full' multiply defined.


LaTeX Warning: Label `plot:non' multiply defined.


LaTeX Warning: Label `sub@plot:non' multiply defined.


LaTeX Warning: Label `plot:all' multiply defined.


LaTeX Warning: Label `sub@plot:all' multiply defined.


LaTeX Warning: Label `mana-full' multiply defined.


LaTeX Warning: Label `sub@mana-full' multiply defined.


LaTeX Warning: Label `hana' multiply defined.

)
\openout1 = `projectpaper.aux'.

LaTeX Font Info:    Checking defaults for OML/cmm/m/it on input line 23.
LaTeX Font Info:    ... okay on input line 23.
LaTeX Font Info:    Checking defaults for T1/cmr/m/n on input line 23.
LaTeX Font Info:    ... okay on input line 23.
LaTeX Font Info:    Checking defaults for OT1/cmr/m/n on input line 23.
LaTeX Font Info:    ... okay on input line 23.
LaTeX Font Info:    Checking defaults for OMS/cmsy/m/n on input line 23.
LaTeX Font Info:    ... okay on input line 23.
LaTeX Font Info:    Checking defaults for OMX/cmex/m/n on input line 23.
LaTeX Font Info:    ... okay on input line 23.
LaTeX Font Info:    Checking defaults for U/cmr/m/n on input line 23.
LaTeX Font Info:    ... okay on input line 23.
LaTeX Font Info:    Try loading font information for OT1+ptm on input line 23.
 (/usr/local/texlive/2016/texmf-dist/tex/latex/psnfss/ot1ptm.fd
File: ot1ptm.fd 2001/06/04 font definitions for OT1/ptm.
) (/usr/local/texlive/2016/texmf-dist/tex/context/base/mkii/supp-pdf.mkii
[Loading MPS to PDF converter (version 2006.09.02).]
\scratchcounter=\count100
\scratchdimen=\dimen112
\scratchbox=\box28
\nofMPsegments=\count101
\nofMParguments=\count102
\everyMPshowfont=\toks18
\MPscratchCnt=\count103
\MPscratchDim=\dimen113
\MPnumerator=\count104
\makeMPintoPDFobject=\count105
\everyMPtoPDFconversion=\toks19
) (/usr/local/texlive/2016/texmf-dist/tex/generic/oberdiek/pdftexcmds.sty
Package: pdftexcmds 2016/05/10 v0.21 Utility functions of pdfTeX for LuaTeX (HO)
 (/usr/local/texlive/2016/texmf-dist/tex/generic/oberdiek/ifluatex.sty
Package: ifluatex 2016/05/16 v1.4 Provides the ifluatex switch (HO)
Package ifluatex Info: LuaTeX not detected.
) (/usr/local/texlive/2016/texmf-dist/tex/generic/oberdiek/ifpdf.sty
Package: ifpdf 2016/05/14 v3.1 Provides the ifpdf switch
)
Package pdftexcmds Info: LuaTeX not detected.
Package pdftexcmds Info: \pdf@primitive is available.
Package pdftexcmds Info: \pdf@ifprimitive is available.
Package pdftexcmds Info: \pdfdraftmode found.
) (/usr/local/texlive/2016/texmf-dist/tex/latex/oberdiek/epstopdf-base.sty
Package: epstopdf-base 2016/05/15 v2.6 Base part for package epstopdf
 (/usr/local/texlive/2016/texmf-dist/tex/latex/oberdiek/grfext.sty
Package: grfext 2016/05/16 v1.2 Manage graphics extensions (HO)
 (/usr/local/texlive/2016/texmf-dist/tex/generic/oberdiek/kvdefinekeys.sty
Package: kvdefinekeys 2016/05/16 v1.4 Define keys (HO)
)) (/usr/local/texlive/2016/texmf-dist/tex/latex/oberdiek/kvoptions.sty
Package: kvoptions 2016/05/16 v3.12 Key value format for package options (HO)
 (/usr/local/texlive/2016/texmf-dist/tex/generic/oberdiek/kvsetkeys.sty
Package: kvsetkeys 2016/05/16 v1.17 Key value parser (HO)
 (/usr/local/texlive/2016/texmf-dist/tex/generic/oberdiek/etexcmds.sty
Package: etexcmds 2016/05/16 v1.6 Avoid name clashes with e-TeX commands (HO)
Package etexcmds Info: Could not find \expanded.
(etexcmds)             That can mean that you are not using pdfTeX 1.50 or
(etexcmds)             that some package has redefined \expanded.
(etexcmds)             In the latter case, load this package earlier.
)))
Package grfext Info: Graphics extension search list:
(grfext)             [.png,.pdf,.jpg,.mps,.jpeg,.jbig2,.jb2,.PNG,.PDF,.JPG,.JPEG,.JBIG2,.JB2,.eps]
(grfext)             \AppendGraphicsExtensions on input line 456.
 (/usr/local/texlive/2016/texmf-dist/tex/latex/latexconfig/epstopdf-sys.cfg
File: epstopdf-sys.cfg 2010/07/13 v1.3 Configuration of (r)epstopdf for TeX Live
))
Package caption Info: Begin \AtBeginDocument code.
Package caption Info: float package is loaded.
Package caption Info: End \AtBeginDocument code.
LaTeX Font Info:    Font shape `OT1/ptm/bx/n' in size <10.95> not available
(Font)              Font shape `OT1/ptm/b/n' tried instead on input line 27.
LaTeX Font Info:    Font shape `OT1/ptm/bx/it' in size <10.95> not available
(Font)              Font shape `OT1/ptm/b/it' tried instead on input line 27.
LaTeX Font Info:    Font shape `OT1/ptm/bx/n' in size <12> not available
(Font)              Font shape `OT1/ptm/b/n' tried instead on input line 40.
LaTeX Font Info:    Font shape `OT1/ptm/bx/it' in size <12> not available
(Font)              Font shape `OT1/ptm/b/it' tried instead on input line 40.
 [1

{/usr/local/texlive/2016/texmf-var/fonts/map/pdftex/updmap/pdftex.map}] <boardsetup.png, id=8, 683.1924pt x 386.4036pt>
File: boardsetup.png Graphic file (type png)
 <use boardsetup.png>
Package pdftex.def Info: boardsetup.png used on input line 51.
(pdftex.def)             Requested size: 276.68193pt x 156.4867pt.
LaTeX Font Info:    External font `cmex10' loaded for size
(Font)              <12> on input line 52.
LaTeX Font Info:    External font `cmex10' loaded for size
(Font)              <8> on input line 52.
LaTeX Font Info:    External font `cmex10' loaded for size
(Font)              <6> on input line 52.
Missing character: There is no â in font ptmr7t!
Missing character: There is no € in font ptmr7t!
Missing character: There is no ” in font ptmr7t!
Missing character: There is no â in font ptmr7t!
Missing character: There is no € in font ptmr7t!
Missing character: There is no ” in font ptmr7t!
Missing character: There is no â in font ptmr7t!
Missing character: There is no € in font ptmr7t!
Missing character: There is no ™ in font ptmr7t!
 <prime.png, id=10, 66.9702pt x 64.0794pt>
File: prime.png Graphic file (type png)
 <use prime.png>
Package pdftex.def Info: prime.png used on input line 65.
(pdftex.def)             Requested size: 138.34096pt x 132.37169pt.
 <backgame.png, id=11, 105.0324pt x 61.1886pt>
File: backgame.png Graphic file (type png)
 <use backgame.png>
Package pdftex.def Info: backgame.png used on input line 70.
(pdftex.def)             Requested size: 212.12375pt x 123.57755pt.
Missing character: There is no Ã in font ptmr7t!
Missing character: There is no ¼ in font ptmr7t!
 [2 </Users/FatemaK/Desktop/Gammon/project_paper/LaTeX/boardsetup.png> </Users/FatemaK/Desktop/Gammon/project_paper/LaTeX/prime.png> </Users/FatemaK/Desktop/Gammon/project_paper/LaTeX/backgame.png>]
Missing character: There is no Ã in font ptmr7t!
Missing character: There is no ¼ in font ptmr7t!
 [3]
LaTeX Font Info:    Try loading font information for OMS+ptm on input line 93.
 (/usr/local/texlive/2016/texmf-dist/tex/latex/psnfss/omsptm.fd
File: omsptm.fd 
)
LaTeX Font Info:    Font shape `OMS/ptm/m/n' in size <12> not available
(Font)              Font shape `OMS/cmsy/m/n' tried instead on input line 93.
 [4]
Missing character: There is no Ã in font ptmr7t!
Missing character: There is no ¼ in font ptmr7t!
Missing character: There is no â in font ptmr7t!
Missing character: There is no € in font ptmr7t!
Missing character: There is no ™ in font ptmr7t!
Missing character: There is no Ã in font ptmr7t!
Missing character: There is no ¼ in font ptmr7t!
 [5] [6] <mononn.png, id=35, 369.0588pt x 369.0588pt>
File: mononn.png Graphic file (type png)
 <use mononn.png>
Package pdftex.def Info: mononn.png used on input line 171.
(pdftex.def)             Requested size: 184.44994pt x 184.4501pt.
 [7] <dddnn.png, id=44, 886.0302pt x 377.2494pt>
File: dddnn.png Graphic file (type png)
 <use dddnn.png>
Package pdftex.def Info: dddnn.png used on input line 187.
(pdftex.def)             Requested size: 368.9069pt x 157.07365pt.
 [8 </Users/FatemaK/Desktop/Gammon/project_paper/LaTeX/mononn.png>] <syscomp.png, id=49, 840.741pt x 350.2686pt>
File: syscomp.png Graphic file (type png)
 <use syscomp.png>
Package pdftex.def Info: syscomp.png used on input line 214.
(pdftex.def)             Requested size: 368.9069pt x 153.69643pt.
 [9 </Users/FatemaK/Desktop/Gammon/project_paper/LaTeX/dddnn.png>] [10 </Users/FatemaK/Desktop/Gammon/project_paper/LaTeX/syscomp.png>] <layouts/default.png, id=58, 798.985pt x 423.5825pt>
File: layouts/default.png Graphic file (type png)
 <use layouts/default.png>
Package pdftex.def Info: layouts/default.png used on input line 259.
(pdftex.def)             Requested size: 138.34096pt x 73.33951pt.
 <layouts/o_backgame_layout.png, id=59, 798.985pt x 425.59pt>
File: layouts/o_backgame_layout.png Graphic file (type png)
 <use layouts/o_backgame_layout.png>
Package pdftex.def Info: layouts/o_backgame_layout.png used on input line 264.
(pdftex.def)             Requested size: 138.34096pt x 73.68709pt.
 <layouts/x_backgame_layout.png, id=60, 799.98875pt x 426.59375pt>
File: layouts/x_backgame_layout.png Graphic file (type png)
 <use layouts/x_backgame_layout.png>
Package pdftex.def Info: layouts/x_backgame_layout.png used on input line 269.
(pdftex.def)             Requested size: 138.34096pt x 73.76976pt.
 <layouts/prime_layout.png, id=61, 800.9925pt x 425.59pt>
File: layouts/prime_layout.png Graphic file (type png)
 <use layouts/prime_layout.png>
Package pdftex.def Info: layouts/prime_layout.png used on input line 274.
(pdftex.def)             Requested size: 138.34096pt x 73.49876pt.
 <layouts/racing_game_layout.png, id=62, 798.985pt x 422.57875pt>
File: layouts/racing_game_layout.png Graphic file (type png)
 <use layouts/racing_game_layout.png>
Package pdftex.def Info: layouts/racing_game_layout.png used on input line 279.
(pdftex.def)             Requested size: 138.34096pt x 73.16573pt.
 [11] <results/mono-all.png, id=66, 702.625pt x 451.6875pt>
File: results/mono-all.png Graphic file (type png)
 <use results/mono-all.png>
Package pdftex.def Info: results/mono-all.png used on input line 292.
(pdftex.def)             Requested size: 147.56557pt x 94.86406pt.
 <results/mono-turns.png, id=67, 320.19624pt x 121.45375pt>
File: results/mono-turns.png Graphic file (type png)
 <use results/mono-turns.png>
Package pdftex.def Info: results/mono-turns.png used on input line 298.
(pdftex.def)             Requested size: 147.56557pt x 55.97316pt.
 <results/mono-loss-plot.png, id=68, 318.18875pt x 211.79124pt>
File: results/mono-loss-plot.png Graphic file (type png)
 <use results/mono-loss-plot.png>
Package pdftex.def Info: results/mono-loss-plot.png used on input line 304.
(pdftex.def)             Requested size: 147.56557pt x 98.22014pt.
 <results/gnubg.png, id=69, 1927.2pt x 1018.80624pt>
File: results/gnubg.png Graphic file (type png)
 <use results/gnubg.png>
Package pdftex.def Info: results/gnubg.png used on input line 317.
(pdftex.def)             Requested size: 405.7983pt x 214.51527pt.
 [12 </Users/FatemaK/Desktop/Gammon/project_paper/LaTeX/layouts/default.png> </Users/FatemaK/Desktop/Gammon/project_paper/LaTeX/layouts/o_backgame_layout.png> </Users/FatemaK/Desktop/Gammon/project_paper/LaTeX/layouts/x_backgame_layout.png> </Users/FatemaK/Desktop/Gammon/project_paper/LaTeX/layouts/prime_layout.png> </Users/FatemaK/Desktop/Gammon/project_paper/LaTeX/layouts/racing_game_layout.png> </Users/FatemaK/Desktop/Gammon/project_paper/LaTeX/results/mono-all.png> </Users/FatemaK/Desktop/Gammon/project_paper/LaTeX/results/mono-turns.png> </Users/FatemaK/Desktop/Gammon/project_paper/LaTeX/results/mono-loss-plot.png>]
Missing character: There is no â in font ptmr7t!
Missing character: There is no € in font ptmr7t!
Missing character: There is no ™ in font ptmr7t!

Overfull \hbox (12.51692pt too wide) in paragraph at lines 350--363
 [][] 
 []

[13 </Users/FatemaK/Desktop/Gammon/project_paper/LaTeX/results/gnubg.png>] <results/mono-non.png, id=86, 702.625pt x 451.6875pt>
File: results/mono-non.png Graphic file (type png)
 <use results/mono-non.png>
Package pdftex.def Info: results/mono-non.png used on input line 391.
(pdftex.def)             Requested size: 147.56557pt x 94.86406pt.
 <results/mono-pip.png, id=87, 702.625pt x 451.6875pt>
File: results/mono-pip.png Graphic file (type png)
 <use results/mono-pip.png>
Package pdftex.def Info: results/mono-pip.png used on input line 397.
(pdftex.def)             Requested size: 147.56557pt x 94.86406pt.
File: results/mono-all.png Graphic file (type png)
 <use results/mono-all.png>
Package pdftex.def Info: results/mono-all.png used on input line 403.
(pdftex.def)             Requested size: 147.56557pt x 94.86406pt.
 <results/mod-non.png, id=88, 702.625pt x 451.6875pt>
File: results/mod-non.png Graphic file (type png)
 <use results/mod-non.png>
Package pdftex.def Info: results/mod-non.png used on input line 416.
(pdftex.def)             Requested size: 147.56557pt x 94.86406pt.
 <results/mod-pip.png, id=89, 702.625pt x 451.6875pt>
File: results/mod-pip.png Graphic file (type png)
 <use results/mod-pip.png>
Package pdftex.def Info: results/mod-pip.png used on input line 422.
(pdftex.def)             Requested size: 147.56557pt x 94.86406pt.
 <results/mod-all.png, id=90, 702.625pt x 451.6875pt>
File: results/mod-all.png Graphic file (type png)
 <use results/mod-all.png>
Package pdftex.def Info: results/mod-all.png used on input line 428.
(pdftex.def)             Requested size: 147.56557pt x 94.86406pt.
 [14] <results/hybrid-non.png, id=94, 702.625pt x 451.6875pt>
File: results/hybrid-non.png Graphic file (type png)
 <use results/hybrid-non.png>
Package pdftex.def Info: results/hybrid-non.png used on input line 441.
(pdftex.def)             Requested size: 147.56557pt x 94.86406pt.
 <results/hybrid-pip.png, id=95, 702.625pt x 451.6875pt>
File: results/hybrid-pip.png Graphic file (type png)
 <use results/hybrid-pip.png>
Package pdftex.def Info: results/hybrid-pip.png used on input line 447.
(pdftex.def)             Requested size: 147.56557pt x 94.86406pt.
 <results/hybrid-all.png, id=96, 702.625pt x 451.6875pt>
File: results/hybrid-all.png Graphic file (type png)
 <use results/hybrid-all.png>
Package pdftex.def Info: results/hybrid-all.png used on input line 453.
(pdftex.def)             Requested size: 147.56557pt x 94.86406pt.
 [15 </Users/FatemaK/Desktop/Gammon/project_paper/LaTeX/results/mono-non.png> </Users/FatemaK/Desktop/Gammon/project_paper/LaTeX/results/mono-pip.png> </Users/FatemaK/Desktop/Gammon/project_paper/LaTeX/results/mod-non.png> </Users/FatemaK/Desktop/Gammon/project_paper/LaTeX/results/mod-pip.png> </Users/FatemaK/Desktop/Gammon/project_paper/LaTeX/results/mod-all.png> </Users/FatemaK/Desktop/Gammon/project_paper/LaTeX/results/hybrid-non.png> </Users/FatemaK/Desktop/Gammon/project_paper/LaTeX/results/hybrid-pip.png> </Users/FatemaK/Desktop/Gammon/project_paper/LaTeX/results/hybrid-all.png>] <gnu-bg/mono-racing-board.png, id=108, 1085.05376pt x 820.06375pt>
File: gnu-bg/mono-racing-board.png Graphic file (type png)
 <use gnu-bg/mono-racing-board.png>
Package pdftex.def Info: gnu-bg/mono-racing-board.png used on input line 469.
(pdftex.def)             Requested size: 147.56557pt x 111.51718pt.
 <gnu-bg/mono-racing-rollout.png, id=109, 446.66875pt x 222.8325pt>
File: gnu-bg/mono-racing-rollout.png Graphic file (type png)
 <use gnu-bg/mono-racing-rollout.png>
Package pdftex.def Info: gnu-bg/mono-racing-rollout.png used on input line 475.
(pdftex.def)             Requested size: 147.56557pt x 73.61655pt.
 <gnu-bg/mono-feedback.png, id=110, 432.61626pt x 308.15125pt>
File: gnu-bg/mono-feedback.png Graphic file (type png)
 <use gnu-bg/mono-feedback.png>
Package pdftex.def Info: gnu-bg/mono-feedback.png used on input line 481.
(pdftex.def)             Requested size: 147.56557pt x 105.10857pt.
 <gnu-bg/mod-board.png, id=111, 1087.06125pt x 824.07875pt>
File: gnu-bg/mod-board.png Graphic file (type png)
 <use gnu-bg/mod-board.png>
Package pdftex.def Info: gnu-bg/mod-board.png used on input line 495.
(pdftex.def)             Requested size: 147.56557pt x 111.86197pt.
 <gnu-bg/mod-move.png, id=112, 448.67625pt x 235.88126pt>
File: gnu-bg/mod-move.png Graphic file (type png)
 <use gnu-bg/mod-move.png>
Package pdftex.def Info: gnu-bg/mod-move.png used on input line 501.
(pdftex.def)             Requested size: 147.56557pt x 77.57831pt.
 <gnu-bg/mod-moves.png, id=113, 430.60875pt x 159.59625pt>
File: gnu-bg/mod-moves.png Graphic file (type png)
 <use gnu-bg/mod-moves.png>
Package pdftex.def Info: gnu-bg/mod-moves.png used on input line 507.
(pdftex.def)             Requested size: 147.56557pt x 54.69302pt.
 <gnu-bg/hybrid-bad-board.png, id=114, 1084.05pt x 822.07124pt>
File: gnu-bg/hybrid-bad-board.png Graphic file (type png)
 <use gnu-bg/hybrid-bad-board.png>
Package pdftex.def Info: gnu-bg/hybrid-bad-board.png used on input line 521.
(pdftex.def)             Requested size: 147.56557pt x 111.90306pt.
 <gnu-bg/hybrid-bad-move.png, id=115, 423.5825pt x 183.68625pt>
File: gnu-bg/hybrid-bad-move.png Graphic file (type png)
 <use gnu-bg/hybrid-bad-move.png>
Package pdftex.def Info: gnu-bg/hybrid-bad-move.png used on input line 527.
(pdftex.def)             Requested size: 147.56557pt x 63.99123pt.
 <gnu-bg/hybrid-bad-moves.png, id=116, 432.61626pt x 181.67876pt>
File: gnu-bg/hybrid-bad-moves.png Graphic file (type png)
 <use gnu-bg/hybrid-bad-moves.png>
Package pdftex.def Info: gnu-bg/hybrid-bad-moves.png used on input line 533.
(pdftex.def)             Requested size: 147.56557pt x 61.96954pt.
 [16 </Users/FatemaK/Desktop/Gammon/project_paper/LaTeX/gnu-bg/mono-racing-board.png> </Users/FatemaK/Desktop/Gammon/project_paper/LaTeX/gnu-bg/mono-racing-rollout.png> </Users/FatemaK/Desktop/Gammon/project_paper/LaTeX/gnu-bg/mono-feedback.png>] [17 </Users/FatemaK/Desktop/Gammon/project_paper/LaTeX/gnu-bg/mod-board.png> </Users/FatemaK/Desktop/Gammon/project_paper/LaTeX/gnu-bg/mod-move.png> </Users/FatemaK/Desktop/Gammon/project_paper/LaTeX/gnu-bg/mod-moves.png> </Users/FatemaK/Desktop/Gammon/project_paper/LaTeX/gnu-bg/hybrid-bad-board.png> </Users/FatemaK/Desktop/Gammon/project_paper/LaTeX/gnu-bg/hybrid-bad-move.png> </Users/FatemaK/Desktop/Gammon/project_paper/LaTeX/gnu-bg/hybrid-bad-moves.png>]
Missing character: There is no â in font ptmr7t!
Missing character: There is no € in font ptmr7t!
Missing character: There is no ™ in font ptmr7t!
 [18] (/Users/FatemaK/Desktop/Gammon/project_paper/LaTeX/projectpaper.bbl
Missing character: There is no â in font ptmr7t!
Missing character: There is no € in font ptmr7t!
Missing character: There is no ™ in font ptmr7t!
Missing character: There is no Ã in font ptmr7t!
Missing character: There is no ¼ in font ptmr7t!
 [19]) [20] (/Users/FatemaK/Desktop/Gammon/project_paper/LaTeX/projectpaper.aux)

LaTeX Warning: There were multiply-defined labels.

 ) 
Here is how much of TeX's memory you used:
 3744 strings out of 493014
 60282 string characters out of 6133350
 123027 words of memory out of 5000000
 7202 multiletter control sequences out of 15000+600000
 18218 words of font info for 38 fonts, out of 8000000 for 9000
 1141 hyphenation exceptions out of 8191
 42i,10n,40p,2512b,444s stack positions out of 5000i,500n,10000p,200000b,80000s
{/usr/local/texlive/2016/texmf-dist/fonts/enc/dvips/base/8r.enc}</usr/local/texlive/2016/texmf-dist/fonts/type1/public/amsfonts/cm/cmmi12.pfb></usr/local/texlive/2016/texmf-dist/fonts/type1/public/amsfonts/cm/cmmi6.pfb></usr/local/texlive/2016/texmf-dist/fonts/type1/public/amsfonts/cm/cmmi8.pfb></usr/local/texlive/2016/texmf-dist/fonts/type1/public/amsfonts/cm/cmr12.pfb></usr/local/texlive/2016/texmf-dist/fonts/type1/public/amsfonts/cm/cmr8.pfb></usr/local/texlive/2016/texmf-dist/fonts/type1/public/amsfonts/cm/cmsy10.pfb></usr/local/texlive/2016/texmf-dist/fonts/type1/public/amsfonts/cm/cmsy8.pfb></usr/local/texlive/2016/texmf-dist/fonts/type1/urw/times/utmb8a.pfb></usr/local/texlive/2016/texmf-dist/fonts/type1/urw/times/utmbi8a.pfb></usr/local/texlive/2016/texmf-dist/fonts/type1/urw/times/utmr8a.pfb></usr/local/texlive/2016/texmf-dist/fonts/type1/urw/times/utmri8a.pfb>
Output written on /Users/FatemaK/Desktop/Gammon/project_paper/LaTeX/projectpaper.pdf (20 pages, 13021840 bytes).
PDF statistics:
 179 PDF objects out of 1000 (max. 8388607)
 81 compressed objects within 1 object stream
 0 named destinations out of 1000 (max. 500000)
 161 words of extra memory for PDF output out of 10000 (max. 10000000)

